RUN	20140722103750	dsf	sfds
SCENARIO	Scenario name	1	START	1405996671427
SCENARIO	Scenario name	2	START	1405996672526
SCENARIO	Scenario name	3	START	1405996673676
SCENARIO	Scenario name	4	START	1405996674776
SCENARIO	Scenario name	5	START	1405996675876
SCENARIO	Scenario name	6	START	1405996676976
SCENARIO	Scenario name	7	START	1405996678076
SCENARIO	Scenario name	8	START	1405996679227
SCENARIO	Scenario name	9	START	1405996680327
SCENARIO	Scenario name	10	START	1405996681426
ACTION	Scenario name	1	request_1	1405996671451	1405996687885	1405996687885	1405996691899	KO	Remotely Closed
ACTION	Scenario name	2	request_1	1405996672527	1405996688547	1405996688547	1405996692550	KO	Remotely Closed
ACTION	Scenario name	3	request_1	1405996673677	1405996689694	1405996689694	1405996693697	KO	Remotely Closed
ACTION	Scenario name	4	request_1	1405996674777	1405996690796	1405996690796	1405996694799	KO	Remotely Closed
ACTION	Scenario name	5	request_1	1405996675877	1405996691895	1405996691895	1405996695897	KO	Remotely Closed
ACTION	Scenario name	6	request_1	1405996676977	1405996692993	1405996692993	1405996696996	KO	Remotely Closed
ACTION	Scenario name	7	request_1	1405996678077	1405996694096	1405996694096	1405996698099	KO	Remotely Closed
ACTION	Scenario name	8	request_1	1405996679228	1405996695246	1405996695246	1405996699249	KO	Remotely Closed
ACTION	Scenario name	9	request_1	1405996680328	1405996696345	1405996696345	1405996700348	KO	Remotely Closed
ACTION	Scenario name	10	request_1	1405996681427	1405996697444	1405996697444	1405996701448	KO	Remotely Closed
SCENARIO	Other Scenario Name	11	START	1405996701476
SCENARIO	Other Scenario Name	12	START	1405996706477
SCENARIO	Other Scenario Name	13	START	1405996711476
ACTION	Scenario name	1	request_2	1405996692027	1405996708043	1405996708043	1405996712046	KO	Remotely Closed
ACTION	Scenario name	2	request_2	1405996692626	1405996708641	1405996708641	1405996712644	KO	Remotely Closed
ACTION	Scenario name	3	request_2	1405996693777	1405996709790	1405996709790	1405996713793	KO	Remotely Closed
ACTION	Scenario name	4	request_2	1405996694877	1405996710891	1405996710891	1405996714894	KO	Remotely Closed
ACTION	Scenario name	5	request_2	1405996695927	1405996711943	1405996711943	1405996715946	KO	Remotely Closed
SCENARIO	Other Scenario Name	14	START	1405996716476
ACTION	Scenario name	6	request_2	1405996697076	1405996713092	1405996713092	1405996717096	KO	Remotely Closed
ACTION	Scenario name	7	request_2	1405996698127	1405996714143	1405996714143	1405996718147	KO	Remotely Closed
ACTION	Scenario name	8	request_2	1405996699377	1405996715392	1405996715392	1405996719395	KO	Remotely Closed
ACTION	Scenario name	9	request_2	1405996700426	1405996716442	1405996716442	1405996720445	KO	Remotely Closed
SCENARIO	Other Scenario Name	15	START	1405996721476
ACTION	Other Scenario Name	11	other_request_1	1405996701476	1405996717491	1405996717491	1405996721495	KO	Remotely Closed
ACTION	Scenario name	10	request_2	1405996701577	1405996717592	1405996717592	1405996721594	KO	Remotely Closed
ACTION	Other Scenario Name	12	other_request_1	1405996706477	1405996722493	1405996722493	1405996726496	KO	Remotely Closed
ACTION	Other Scenario Name	13	other_request_1	1405996711477	1405996727491	1405996727491	1405996731494	KO	Remotely Closed
ACTION	Other Scenario Name	14	other_request_1	1405996716476	1405996732490	1405996732490	1405996736494	KO	Remotely Closed
ACTION	Other Scenario Name	15	other_request_1	1405996721477	1405996737492	1405996737492	1405996741494	KO	Remotely Closed
ACTION	Other Scenario Name	11	other_request_2	1405996721575	1405996737589	1405996737589	1405996741593	KO	Remotely Closed
ACTION	Scenario name	1	request_3	1405996724582	1405996740600	1405996740600	1405996744602	KO	Remotely Closed
ACTION	Scenario name	2	request_3	1405996725027	1405996741042	1405996741042	1405996745045	KO	Remotely Closed
ACTION	Scenario name	3	request_3	1405996725976	1405996741990	1405996741990	1405996745994	KO	Remotely Closed
ACTION	Other Scenario Name	12	other_request_2	1405996726577	1405996742590	1405996742590	1405996746593	KO	Remotely Closed
ACTION	Scenario name	4	request_3	1405996727477	1405996743494	1405996743494	1405996747496	KO	Remotely Closed
ACTION	Scenario name	5	request_3	1405996728577	1405996744593	1405996744593	1405996748595	KO	Remotely Closed
ACTION	Scenario name	6	request_3	1405996729777	1405996745793	1405996745793	1405996749796	KO	Remotely Closed
ACTION	Scenario name	7	request_3	1405996730377	1405996746394	1405996746394	1405996750397	KO	Remotely Closed
ACTION	Other Scenario Name	13	other_request_2	1405996731526	1405996747540	1405996747540	1405996751542	KO	Remotely Closed
ACTION	Scenario name	8	request_3	1405996731777	1405996747793	1405996747793	1405996751796	KO	Remotely Closed
ACTION	Scenario name	9	request_3	1405996733177	1405996749192	1405996749192	1405996753195	KO	Remotely Closed
ACTION	Scenario name	10	request_3	1405996733727	1405996749744	1405996749744	1405996753746	KO	Remotely Closed
ACTION	Other Scenario Name	14	other_request_2	1405996736526	1405996752543	1405996752543	1405996756545	KO	Remotely Closed
ACTION	Other Scenario Name	15	other_request_2	1405996741576	1405996757589	1405996757589	1405996761592	KO	Remotely Closed
ACTION	Scenario name	1	request_4	1405996744605	1405996760619	1405996760619	1405996764621	KO	Remotely Closed
ACTION	Scenario name	2	request_4	1405996745127	1405996761142	1405996761142	1405996765145	KO	Remotely Closed
ACTION	Scenario name	3	request_4	1405996746027	1405996762042	1405996762042	1405996766044	KO	Remotely Closed
ACTION	Scenario name	4	request_4	1405996747497	1405996763512	1405996763512	1405996767514	KO	Remotely Closed
ACTION	Scenario name	5	request_4	1405996748596	1405996764611	1405996764611	1405996768614	KO	Remotely Closed
ACTION	Scenario name	6	request_4	1405996749877	1405996765892	1405996765892	1405996769894	KO	Remotely Closed
ACTION	Scenario name	7	request_4	1405996750477	1405996766492	1405996766492	1405996770494	KO	Remotely Closed
ACTION	Scenario name	8	request_4	1405996751877	1405996767892	1405996767892	1405996771895	KO	Remotely Closed
ACTION	Scenario name	9	request_4	1405996753196	1405996769210	1405996769210	1405996773212	KO	Remotely Closed
ACTION	Scenario name	10	request_4	1405996753827	1405996769841	1405996769841	1405996773844	KO	Remotely Closed
ACTION	Other Scenario Name	11	other_request_3	1405996754377	1405996770393	1405996770393	1405996774396	KO	Remotely Closed
ACTION	Other Scenario Name	12	other_request_3	1405996758777	1405996774792	1405996774792	1405996778795	KO	Remotely Closed
ACTION	Other Scenario Name	13	other_request_3	1405996763627	1405996779641	1405996779641	1405996783643	KO	Remotely Closed
ACTION	Other Scenario Name	14	other_request_3	1405996769076	1405996785090	1405996785090	1405996789093	KO	Remotely Closed
ACTION	Scenario name	1	request_5	1405996772478	1405996788492	1405996788492	1405996792494	KO	Remotely Closed
ACTION	Scenario name	2	request_5	1405996772777	1405996788792	1405996788792	1405996792794	KO	Remotely Closed
ACTION	Scenario name	3	request_5	1405996773326	1405996789342	1405996789342	1405996793345	KO	Remotely Closed
ACTION	Other Scenario Name	11	other_request_9	1405996774397	1405996790412	1405996790412	1405996794415	KO	Remotely Closed
ACTION	Other Scenario Name	15	other_request_3	1405996774577	1405996790592	1405996790592	1405996794594	KO	Remotely Closed
ACTION	Scenario name	4	request_5	1405996774677	1405996790691	1405996790691	1405996794694	KO	Remotely Closed
ACTION	Scenario name	5	request_5	1405996776427	1405996792442	1405996792442	1405996796445	KO	Remotely Closed
ACTION	Scenario name	6	request_5	1405996777577	1405996793591	1405996793591	1405996797594	KO	Remotely Closed
ACTION	Scenario name	7	request_5	1405996778277	1405996794294	1405996794294	1405996798296	KO	Remotely Closed
ACTION	Other Scenario Name	12	other_request_9	1405996778826	1405996794840	1405996794840	1405996798843	KO	Remotely Closed
ACTION	Scenario name	8	request_5	1405996779627	1405996795643	1405996795643	1405996799647	KO	Remotely Closed
ACTION	Scenario name	9	request_5	1405996780377	1405996796393	1405996796393	1405996800396	KO	Remotely Closed
