RUN	20140722105701	sdtrs	estse
SCENARIO	Scenario Login	1	START	1405997822783
ACTION	Scenario Login	1	request_1	1405997822800	1405997822800	1405997823044	1405997823045	OK	 
SCENARIO	Scenario Login	2	START	1405997823882
ACTION	Scenario Login	2	request_1	1405997823883	1405997823885	1405997824077	1405997824077	OK	 
SCENARIO	Scenario Login	3	START	1405997824982
ACTION	Scenario Login	3	request_1	1405997824983	1405997824984	1405997825126	1405997825126	OK	 
SCENARIO	Scenario Login	4	START	1405997826082
ACTION	Scenario Login	4	request_1	1405997826083	1405997826084	1405997826237	1405997826237	OK	 
SCENARIO	Scenario Login	5	START	1405997827231
ACTION	Scenario Login	5	request_1	1405997827232	1405997827233	1405997827432	1405997827432	OK	 
SCENARIO	Scenario Login	6	START	1405997828332
ACTION	Scenario Login	6	request_1	1405997828333	1405997828334	1405997828485	1405997828485	OK	 
SCENARIO	Scenario Login	7	START	1405997829432
ACTION	Scenario Login	7	request_1	1405997829433	1405997829434	1405997829593	1405997829593	OK	 
SCENARIO	Scenario Login	8	START	1405997830532
ACTION	Scenario Login	8	request_1	1405997830533	1405997830534	1405997830717	1405997830717	OK	 
SCENARIO	Scenario Login	9	START	1405997831682
ACTION	Scenario Login	9	request_1	1405997831682	1405997831684	1405997831836	1405997831836	OK	 
SCENARIO	Scenario Login	10	START	1405997832783
ACTION	Scenario Login	10	request_1	1405997832783	1405997832785	1405997832941	1405997832941	OK	 
ACTION	Scenario Login	1	request_2	1405997835240	1405997835243	1405997835304	1405997835304	KO	Check 'is' failed, found 400 but expected 200
SCENARIO	Scenario Login	1	END	1405997835332
