RUN	20140722104906	sdfds	sdfds
SCENARIO	Scenario Login	1	START	1405997347716
SCENARIO	Scenario Login	2	START	1405997348816
ACTION	Scenario Login	1	request_1	1405997347733	1405997347733	1405997348871	1405997348871	KO	Check 'is' failed, found 200 but expected 302
ACTION	Scenario Login	2	request_1	1405997348816	1405997348817	1405997348868	1405997348870	KO	Check 'is' failed, found 200 but expected 302
ACTION	Scenario Login	2	request_2	1405997348966	1405997348967	1405997348998	1405997348998	OK	 
ACTION	Scenario Login	1	request_2	1405997349016	1405997349016	1405997349039	1405997349039	OK	 
SCENARIO	Scenario Login	3	START	1405997349915
SCENARIO	Scenario Login	4	START	1405997351065
ACTION	Scenario Login	3	request_1	1405997349915	1405997349917	1405997351110	1405997351110	KO	Check 'is' failed, found 200 but expected 302
ACTION	Scenario Login	4	request_1	1405997351065	1405997351113	1405997351159	1405997351159	KO	Check 'is' failed, found 200 but expected 302
ACTION	Scenario Login	3	request_2	1405997351166	1405997351166	1405997351191	1405997351191	OK	 
ACTION	Scenario Login	4	request_2	1405997351266	1405997351267	1405997351322	1405997351322	OK	 
SCENARIO	Scenario Login	5	START	1405997352165
SCENARIO	Scenario Login	6	START	1405997353264
SCENARIO	Scenario Login	7	START	1405997354365
SCENARIO	Scenario Login	8	START	1405997355514
ACTION	Scenario Login	5	request_1	1405997352165	1405997352288	1405997355604	1405997355605	KO	Check 'is' failed, found 200 but expected 302
ACTION	Scenario Login	5	request_2	1405997355666	1405997355666	1405997355688	1405997355688	OK	 
SCENARIO	Scenario Login	9	START	1405997356615
ACTION	Scenario Login	6	request_1	1405997353265	1405997357270	1405997357321	1405997357321	KO	Check 'is' failed, found 200 but expected 302
ACTION	Scenario Login	6	request_2	1405997357365	1405997357366	1405997357393	1405997357393	OK	 
SCENARIO	Scenario Login	10	START	1405997357714
ACTION	Scenario Login	10	request_1	1405997357715	1405997357716	1405997357764	1405997357764	KO	Check 'is' failed, found 200 but expected 302
ACTION	Scenario Login	10	request_2	1405997357815	1405997357815	1405997357895	1405997357895	OK	 
ACTION	Scenario Login	7	request_1	1405997354366	1405997358371	1405997358727	1405997358727	KO	Check 'is' failed, found 200 but expected 302
ACTION	Scenario Login	7	request_2	1405997358865	1405997358866	1405997358891	1405997358891	OK	 
ACTION	Scenario Login	9	request_1	1405997356615	1405997356617	1405997359931	1405997359931	KO	Check 'is' failed, found 200 but expected 302
ACTION	Scenario Login	9	request_2	1405997360015	1405997360016	1405997360038	1405997360038	OK	 
ACTION	Scenario Login	8	request_1	1405997355515	1405997359520	1405997360977	1405997360977	KO	Check 'is' failed, found 200 but expected 302
ACTION	Scenario Login	8	request_2	1405997361066	1405997361066	1405997361145	1405997361145	OK	 
ACTION	Scenario Login	1	request_3	1405997361072	1405997361075	1405997361146	1405997361146	KO	Check 'is' failed, found 200 but expected 302
SCENARIO	Scenario Login	1	END	1405997361215
